Build started 9/22/2014 1:48:33 AM.
     1>Project "C:\Users\Rakin\Dropbox\GitHub\GamePrograming\assignments\Pongs\Pong\Pong.vcxproj" on node 2 (Build target(s)).
     1>ClCompile:
         W:\VisualStudio\VC\bin\CL.exe /c /ZI /nologo /W3 /WX- /sdl /Od /Oy- /D _MBCS /Gm /EHsc /RTC1 /MDd /GS /fp:precise /Zc:wchar_t /Zc:forScope /Fo"Debug\\" /Fd"Debug\vc120.pdb" /Gd /TP /analyze- /errorReport:prompt main.cpp
         main.cpp
     1>c:\users\rakin\dropbox\github\gameprograming\assignments\pongs\pong\main.cpp(47): warning C4244: '=' : conversion from 'double' to 'float', possible loss of data
     1>c:\users\rakin\dropbox\github\gameprograming\assignments\pongs\pong\main.cpp(48): warning C4244: '=' : conversion from 'double' to 'float', possible loss of data
     1>c:\users\rakin\dropbox\github\gameprograming\assignments\pongs\pong\main.cpp(157): warning C4244: 'initializing' : conversion from 'double' to 'float', possible loss of data
     1>c:\users\rakin\dropbox\github\gameprograming\assignments\pongs\pong\main.cpp(158): warning C4244: 'initializing' : conversion from 'double' to 'float', possible loss of data
     1>c:\users\rakin\dropbox\github\gameprograming\assignments\pongs\pong\main.cpp(165): warning C4244: '=' : conversion from 'double' to 'float', possible loss of data
     1>c:\users\rakin\dropbox\github\gameprograming\assignments\pongs\pong\main.cpp(172): warning C4244: '=' : conversion from 'double' to 'float', possible loss of data
     1>c:\users\rakin\dropbox\github\gameprograming\assignments\pongs\pong\main.cpp(208): warning C4305: '=' : truncation from 'double' to 'float'
     1>c:\users\rakin\dropbox\github\gameprograming\assignments\pongs\pong\main.cpp(210): warning C4305: '+=' : truncation from 'double' to 'float'
     1>c:\users\rakin\dropbox\github\gameprograming\assignments\pongs\pong\main.cpp(214): warning C4305: '=' : truncation from 'double' to 'float'
     1>c:\users\rakin\dropbox\github\gameprograming\assignments\pongs\pong\main.cpp(216): warning C4305: '-=' : truncation from 'double' to 'float'
     1>c:\users\rakin\dropbox\github\gameprograming\assignments\pongs\pong\main.cpp(221): warning C4305: '=' : truncation from 'double' to 'float'
     1>c:\users\rakin\dropbox\github\gameprograming\assignments\pongs\pong\main.cpp(223): warning C4305: '+=' : truncation from 'double' to 'float'
     1>c:\users\rakin\dropbox\github\gameprograming\assignments\pongs\pong\main.cpp(227): warning C4305: '=' : truncation from 'double' to 'float'
     1>c:\users\rakin\dropbox\github\gameprograming\assignments\pongs\pong\main.cpp(229): warning C4305: '-=' : truncation from 'double' to 'float'
     1>c:\users\rakin\dropbox\github\gameprograming\assignments\pongs\pong\main.cpp(262): warning C4305: 'argument' : truncation from 'double' to 'float'
     1>c:\users\rakin\dropbox\github\gameprograming\assignments\pongs\pong\main.cpp(263): warning C4305: 'argument' : truncation from 'double' to 'float'
     1>c:\users\rakin\dropbox\github\gameprograming\assignments\pongs\pong\main.cpp(264): warning C4305: 'argument' : truncation from 'double' to 'float'
       Link:
         W:\VisualStudio\VC\bin\link.exe /ERRORREPORT:PROMPT /OUT:"C:\Users\Rakin\Dropbox\GitHub\GamePrograming\assignments\Pongs\Debug\Pong.exe" /INCREMENTAL /NOLOGO SDL2.lib SDL2main.lib SDL2_image.lib OpenGL32.lib kernel32.lib user32.lib gdi32.lib winspool.lib comdlg32.lib advapi32.lib shell32.lib ole32.lib oleaut32.lib uuid.lib odbc32.lib odbccp32.lib /MANIFEST /MANIFESTUAC:"level='asInvoker' uiAccess='false'" /manifest:embed /DEBUG /PDB:"C:\Users\Rakin\Dropbox\GitHub\GamePrograming\assignments\Pongs\Debug\Pong.pdb" /SUBSYSTEM:WINDOWS /TLBID:1 /DYNAMICBASE /NXCOMPAT /IMPLIB:"C:\Users\Rakin\Dropbox\GitHub\GamePrograming\assignments\Pongs\Debug\Pong.lib" /MACHINE:X86 Debug\main.obj
         Pong.vcxproj -> C:\Users\Rakin\Dropbox\GitHub\GamePrograming\assignments\Pongs\Debug\Pong.exe
     1>Done Building Project "C:\Users\Rakin\Dropbox\GitHub\GamePrograming\assignments\Pongs\Pong\Pong.vcxproj" (Build target(s)).

Build succeeded.

Time Elapsed 00:00:00.83
